<?xml version="1.0" encoding="UTF-8"?>
<!-- Generated by org.testng.reporters.JUnitReportReporter -->
<testsuite hostname="lenovo" failures="0" tests="1" name="testPrograms.Addprogram" time="106.154" errors="0" timestamp="2020-11-30T17:59:04 IST" skipped="0">
  <testcase classname="testPrograms.Addprogram" name="methodOne" time="106.154"/>
  <system-out/>
</testsuite> <!-- testPrograms.Addprogram -->
